<?xml version="1.0" encoding="UTF-8"?>
<!-- Generated by org.testng.reporters.JUnitReportReporter -->
<testsuite hostname="LAPTOP-CP57HKNO" failures="0" tests="1" name="test.CreateNewaccontTest" time="9.138" errors="0" timestamp="2022-08-18T21:23:09 IST" skipped="0">
  <testcase classname="test.CreateNewaccontTest" name="SingUpPge" time="9.138"/>
  <system-out/>
</testsuite> <!-- test.CreateNewaccontTest -->
