<?xml version="1.0" encoding="UTF-8"?>
<!-- Generated by org.testng.reporters.JUnitReportReporter -->
<testsuite hostname="LAPTOP-CP57HKNO" failures="0" tests="1" name="test.CreateNewAccountTest" time="8.022" errors="0" timestamp="2022-08-18T20:58:15 IST" skipped="0">
  <testcase classname="test.CreateNewAccountTest" name="CreatNewAccount" time="8.022"/>
  <system-out/>
</testsuite> <!-- test.CreateNewAccountTest -->
