<?xml version="1.0" encoding="UTF-8"?>
<!-- Generated by org.testng.reporters.JUnitReportReporter -->
<testsuite hostname="LAPTOP-CP57HKNO" failures="0" tests="1" name="test.ZerodhaHomePageTest" time="17.967" errors="0" timestamp="2022-08-21T13:36:05 IST" skipped="0">
  <testcase classname="test.ZerodhaHomePageTest" name="SearchStockAndClickOnBuy" time="17.967"/>
  <system-out/>
</testsuite> <!-- test.ZerodhaHomePageTest -->
