<?xml version="1.0" encoding="UTF-8"?>
<!-- Generated by org.testng.reporters.JUnitReportReporter -->
<testsuite hostname="LAPTOP-CP57HKNO" failures="0" tests="1" name="test.LoginPageTest" time="6.418" errors="0" timestamp="2022-08-20T20:31:52 IST" skipped="0">
  <testcase classname="test.LoginPageTest" name="ZerodhaLoginTest" time="6.418"/>
  <system-out/>
</testsuite> <!-- test.LoginPageTest -->
