<?xml version="1.0" encoding="UTF-8"?>
<!-- Generated by org.testng.reporters.JUnitReportReporter -->
<testsuite hostname="LAPTOP-CP57HKNO" failures="0" tests="1" name="test.ForgotPasswordTest" time="13.438" errors="0" timestamp="2022-08-18T20:36:54 IST" skipped="0">
  <testcase classname="test.ForgotPasswordTest" name="ForgotPage" time="13.438"/>
  <system-out/>
</testsuite> <!-- test.ForgotPasswordTest -->
