<?xml version="1.0" encoding="UTF-8"?>
<!-- Generated by org.testng.reporters.JUnitReportReporter -->
<testsuite hostname="LAPTOP-CP57HKNO" failures="0" tests="1" name="test.SingUpPageTest" time="4.831" errors="0" timestamp="2022-08-16T14:59:55 IST" skipped="0">
  <testcase classname="test.SingUpPageTest" name="ZerodhaSingUp" time="4.831"/>
  <system-out/>
</testsuite> <!-- test.SingUpPageTest -->
